{
    "meta": {
        "format": 3,
        "version": "7.6.8",
        "timestamp": "2024-12-06T09:14:31.122991",
        "branch_coverage": false,
        "show_contexts": false
    },
    "files": {
        "Controller.py": {
            "executed_lines": [
                1,
                2,
                3,
                4,
                7,
                10,
                11,
                12,
                13,
                16,
                17,
                20,
                21,
                24,
                25,
                28,
                29,
                30,
                33,
                35,
                36,
                39,
                42,
                43,
                44,
                45,
                48,
                49,
                50,
                51,
                52,
                53,
                54,
                55,
                56,
                57,
                64
            ],
            "summary": {
                "covered_lines": 37,
                "num_statements": 42,
                "percent_covered": 88.0952380952381,
                "percent_covered_display": "88",
                "missing_lines": 5,
                "excluded_lines": 0
            },
            "missing_lines": [
                32,
                58,
                59,
                61,
                65
            ],
            "excluded_lines": [],
            "functions": {
                "Controller.__init__": {
                    "executed_lines": [
                        11,
                        12,
                        13
                    ],
                    "summary": {
                        "covered_lines": 3,
                        "num_statements": 3,
                        "percent_covered": 100.0,
                        "percent_covered_display": "100",
                        "missing_lines": 0,
                        "excluded_lines": 0
                    },
                    "missing_lines": [],
                    "excluded_lines": []
                },
                "Controller.set_url_file": {
                    "executed_lines": [
                        17
                    ],
                    "summary": {
                        "covered_lines": 1,
                        "num_statements": 1,
                        "percent_covered": 100.0,
                        "percent_covered_display": "100",
                        "missing_lines": 0,
                        "excluded_lines": 0
                    },
                    "missing_lines": [],
                    "excluded_lines": []
                },
                "Controller.set_report_file": {
                    "executed_lines": [
                        21
                    ],
                    "summary": {
                        "covered_lines": 1,
                        "num_statements": 1,
                        "percent_covered": 100.0,
                        "percent_covered_display": "100",
                        "missing_lines": 0,
                        "excluded_lines": 0
                    },
                    "missing_lines": [],
                    "excluded_lines": []
                },
                "Controller.set_destination": {
                    "executed_lines": [
                        25
                    ],
                    "summary": {
                        "covered_lines": 1,
                        "num_statements": 1,
                        "percent_covered": 100.0,
                        "percent_covered_display": "100",
                        "missing_lines": 0,
                        "excluded_lines": 0
                    },
                    "missing_lines": [],
                    "excluded_lines": []
                },
                "Controller.run": {
                    "executed_lines": [
                        29,
                        30,
                        33
                    ],
                    "summary": {
                        "covered_lines": 3,
                        "num_statements": 4,
                        "percent_covered": 75.0,
                        "percent_covered_display": "75",
                        "missing_lines": 1,
                        "excluded_lines": 0
                    },
                    "missing_lines": [
                        32
                    ],
                    "excluded_lines": []
                },
                "main": {
                    "executed_lines": [
                        36,
                        39,
                        42,
                        43,
                        44,
                        45,
                        48,
                        49,
                        50,
                        51,
                        52,
                        53,
                        54,
                        55,
                        56,
                        57
                    ],
                    "summary": {
                        "covered_lines": 16,
                        "num_statements": 19,
                        "percent_covered": 84.21052631578948,
                        "percent_covered_display": "84",
                        "missing_lines": 3,
                        "excluded_lines": 0
                    },
                    "missing_lines": [
                        58,
                        59,
                        61
                    ],
                    "excluded_lines": []
                },
                "": {
                    "executed_lines": [
                        1,
                        2,
                        3,
                        4,
                        7,
                        10,
                        16,
                        20,
                        24,
                        28,
                        35,
                        64
                    ],
                    "summary": {
                        "covered_lines": 12,
                        "num_statements": 13,
                        "percent_covered": 92.3076923076923,
                        "percent_covered_display": "92",
                        "missing_lines": 1,
                        "excluded_lines": 0
                    },
                    "missing_lines": [
                        65
                    ],
                    "excluded_lines": []
                }
            },
            "classes": {
                "Controller": {
                    "executed_lines": [
                        11,
                        12,
                        13,
                        17,
                        21,
                        25,
                        29,
                        30,
                        33
                    ],
                    "summary": {
                        "covered_lines": 9,
                        "num_statements": 10,
                        "percent_covered": 90.0,
                        "percent_covered_display": "90",
                        "missing_lines": 1,
                        "excluded_lines": 0
                    },
                    "missing_lines": [
                        32
                    ],
                    "excluded_lines": []
                },
                "": {
                    "executed_lines": [
                        1,
                        2,
                        3,
                        4,
                        7,
                        10,
                        16,
                        20,
                        24,
                        28,
                        35,
                        36,
                        39,
                        42,
                        43,
                        44,
                        45,
                        48,
                        49,
                        50,
                        51,
                        52,
                        53,
                        54,
                        55,
                        56,
                        57,
                        64
                    ],
                    "summary": {
                        "covered_lines": 28,
                        "num_statements": 32,
                        "percent_covered": 87.5,
                        "percent_covered_display": "88",
                        "missing_lines": 4,
                        "excluded_lines": 0
                    },
                    "missing_lines": [
                        58,
                        59,
                        61,
                        65
                    ],
                    "excluded_lines": []
                }
            }
        },
        "Downloader.py": {
            "executed_lines": [
                1,
                2,
                5,
                9,
                11,
                12,
                13,
                15,
                16,
                18,
                19,
                20,
                21,
                24,
                25,
                26,
                28,
                29,
                31,
                32,
                33,
                36,
                37,
                38,
                39,
                40,
                42
            ],
            "summary": {
                "covered_lines": 27,
                "num_statements": 27,
                "percent_covered": 100.0,
                "percent_covered_display": "100",
                "missing_lines": 0,
                "excluded_lines": 0
            },
            "missing_lines": [],
            "excluded_lines": [],
            "functions": {
                "Downloader.download": {
                    "executed_lines": [
                        11,
                        12,
                        13,
                        15,
                        16,
                        18,
                        19,
                        20,
                        21,
                        24,
                        25,
                        26,
                        28,
                        29,
                        31,
                        32,
                        33,
                        36,
                        37,
                        38,
                        39,
                        40,
                        42
                    ],
                    "summary": {
                        "covered_lines": 23,
                        "num_statements": 23,
                        "percent_covered": 100.0,
                        "percent_covered_display": "100",
                        "missing_lines": 0,
                        "excluded_lines": 0
                    },
                    "missing_lines": [],
                    "excluded_lines": []
                },
                "": {
                    "executed_lines": [
                        1,
                        2,
                        5,
                        9
                    ],
                    "summary": {
                        "covered_lines": 4,
                        "num_statements": 4,
                        "percent_covered": 100.0,
                        "percent_covered_display": "100",
                        "missing_lines": 0,
                        "excluded_lines": 0
                    },
                    "missing_lines": [],
                    "excluded_lines": []
                }
            },
            "classes": {
                "Downloader": {
                    "executed_lines": [
                        11,
                        12,
                        13,
                        15,
                        16,
                        18,
                        19,
                        20,
                        21,
                        24,
                        25,
                        26,
                        28,
                        29,
                        31,
                        32,
                        33,
                        36,
                        37,
                        38,
                        39,
                        40,
                        42
                    ],
                    "summary": {
                        "covered_lines": 23,
                        "num_statements": 23,
                        "percent_covered": 100.0,
                        "percent_covered_display": "100",
                        "missing_lines": 0,
                        "excluded_lines": 0
                    },
                    "missing_lines": [],
                    "excluded_lines": []
                },
                "": {
                    "executed_lines": [
                        1,
                        2,
                        5,
                        9
                    ],
                    "summary": {
                        "covered_lines": 4,
                        "num_statements": 4,
                        "percent_covered": 100.0,
                        "percent_covered_display": "100",
                        "missing_lines": 0,
                        "excluded_lines": 0
                    },
                    "missing_lines": [],
                    "excluded_lines": []
                }
            }
        },
        "Polar_File_Handler.py": {
            "executed_lines": [
                1,
                2,
                3,
                4,
                5,
                6,
                7,
                8,
                11,
                14,
                15,
                18,
                19,
                21,
                22,
                23,
                26,
                27,
                28,
                29,
                32,
                35,
                37,
                40,
                43,
                45,
                46,
                50,
                51,
                53,
                56,
                59,
                61,
                62,
                64,
                65,
                66,
                68,
                69,
                71,
                72,
                73,
                75,
                77,
                79,
                81,
                82,
                85
            ],
            "summary": {
                "covered_lines": 48,
                "num_statements": 55,
                "percent_covered": 87.27272727272727,
                "percent_covered_display": "87",
                "missing_lines": 7,
                "excluded_lines": 0
            },
            "missing_lines": [
                31,
                47,
                49,
                63,
                80,
                86,
                87
            ],
            "excluded_lines": [],
            "functions": {
                "FileHandler.__init__": {
                    "executed_lines": [
                        15
                    ],
                    "summary": {
                        "covered_lines": 1,
                        "num_statements": 1,
                        "percent_covered": 100.0,
                        "percent_covered_display": "100",
                        "missing_lines": 0,
                        "excluded_lines": 0
                    },
                    "missing_lines": [],
                    "excluded_lines": []
                },
                "FileHandler.download_thread": {
                    "executed_lines": [
                        19,
                        21,
                        22,
                        23,
                        26,
                        27,
                        28,
                        29,
                        32
                    ],
                    "summary": {
                        "covered_lines": 9,
                        "num_statements": 10,
                        "percent_covered": 90.0,
                        "percent_covered_display": "90",
                        "missing_lines": 1,
                        "excluded_lines": 0
                    },
                    "missing_lines": [
                        31
                    ],
                    "excluded_lines": []
                },
                "FileHandler.start_download": {
                    "executed_lines": [
                        37,
                        40,
                        43,
                        45,
                        46,
                        50,
                        51,
                        53,
                        56,
                        59,
                        61,
                        62,
                        64,
                        65,
                        66,
                        68,
                        69,
                        71,
                        72,
                        73,
                        75,
                        77,
                        79,
                        81,
                        82
                    ],
                    "summary": {
                        "covered_lines": 25,
                        "num_statements": 29,
                        "percent_covered": 86.20689655172414,
                        "percent_covered_display": "86",
                        "missing_lines": 4,
                        "excluded_lines": 0
                    },
                    "missing_lines": [
                        47,
                        49,
                        63,
                        80
                    ],
                    "excluded_lines": []
                },
                "": {
                    "executed_lines": [
                        1,
                        2,
                        3,
                        4,
                        5,
                        6,
                        7,
                        8,
                        11,
                        14,
                        18,
                        35,
                        85
                    ],
                    "summary": {
                        "covered_lines": 13,
                        "num_statements": 15,
                        "percent_covered": 86.66666666666667,
                        "percent_covered_display": "87",
                        "missing_lines": 2,
                        "excluded_lines": 0
                    },
                    "missing_lines": [
                        86,
                        87
                    ],
                    "excluded_lines": []
                }
            },
            "classes": {
                "FileHandler": {
                    "executed_lines": [
                        15,
                        19,
                        21,
                        22,
                        23,
                        26,
                        27,
                        28,
                        29,
                        32,
                        37,
                        40,
                        43,
                        45,
                        46,
                        50,
                        51,
                        53,
                        56,
                        59,
                        61,
                        62,
                        64,
                        65,
                        66,
                        68,
                        69,
                        71,
                        72,
                        73,
                        75,
                        77,
                        79,
                        81,
                        82
                    ],
                    "summary": {
                        "covered_lines": 35,
                        "num_statements": 40,
                        "percent_covered": 87.5,
                        "percent_covered_display": "88",
                        "missing_lines": 5,
                        "excluded_lines": 0
                    },
                    "missing_lines": [
                        31,
                        47,
                        49,
                        63,
                        80
                    ],
                    "excluded_lines": []
                },
                "": {
                    "executed_lines": [
                        1,
                        2,
                        3,
                        4,
                        5,
                        6,
                        7,
                        8,
                        11,
                        14,
                        18,
                        35,
                        85
                    ],
                    "summary": {
                        "covered_lines": 13,
                        "num_statements": 15,
                        "percent_covered": 86.66666666666667,
                        "percent_covered_display": "87",
                        "missing_lines": 2,
                        "excluded_lines": 0
                    },
                    "missing_lines": [
                        86,
                        87
                    ],
                    "excluded_lines": []
                }
            }
        },
        "Tests.py": {
            "executed_lines": [
                1,
                2,
                3,
                4,
                5,
                6,
                7,
                8,
                9,
                10,
                11,
                16,
                17,
                18,
                19,
                23,
                24,
                25,
                26,
                27,
                28,
                31,
                32,
                33,
                34,
                37,
                42,
                43,
                44,
                49,
                50,
                51,
                54,
                55,
                56,
                57,
                58,
                60,
                61,
                64,
                65,
                66,
                69,
                70,
                72,
                73,
                76,
                77,
                78,
                81,
                82,
                85,
                86,
                87,
                88,
                91,
                92,
                93,
                94,
                95,
                96,
                97,
                98,
                99,
                102,
                104,
                105,
                108,
                109,
                110,
                111,
                112,
                115,
                116,
                117,
                118,
                119,
                120,
                124,
                126,
                127,
                130,
                131,
                132,
                133,
                136,
                137,
                139,
                140,
                143,
                144,
                145,
                148,
                149,
                150,
                151,
                152,
                154,
                155,
                158,
                159,
                160,
                163,
                164,
                165,
                166,
                167,
                170,
                171,
                172,
                175,
                176,
                177,
                178,
                179,
                183,
                184,
                185,
                186,
                187,
                189,
                191,
                192,
                193,
                195,
                196,
                197,
                200,
                201,
                202,
                203,
                204,
                205,
                207,
                210,
                211,
                215,
                216,
                219,
                222,
                224,
                233,
                236,
                237,
                238
            ],
            "summary": {
                "covered_lines": 145,
                "num_statements": 145,
                "percent_covered": 100.0,
                "percent_covered_display": "100",
                "missing_lines": 0,
                "excluded_lines": 0
            },
            "missing_lines": [],
            "excluded_lines": [],
            "functions": {
                "temp_file": {
                    "executed_lines": [
                        18,
                        19
                    ],
                    "summary": {
                        "covered_lines": 2,
                        "num_statements": 2,
                        "percent_covered": 100.0,
                        "percent_covered_display": "100",
                        "missing_lines": 0,
                        "excluded_lines": 0
                    },
                    "missing_lines": [],
                    "excluded_lines": []
                },
                "temp_output_dir": {
                    "executed_lines": [
                        25,
                        26,
                        27,
                        28
                    ],
                    "summary": {
                        "covered_lines": 4,
                        "num_statements": 4,
                        "percent_covered": 100.0,
                        "percent_covered_display": "100",
                        "missing_lines": 0,
                        "excluded_lines": 0
                    },
                    "missing_lines": [],
                    "excluded_lines": []
                },
                "setup_test_files": {
                    "executed_lines": [
                        33,
                        34,
                        37,
                        42,
                        43,
                        44
                    ],
                    "summary": {
                        "covered_lines": 6,
                        "num_statements": 6,
                        "percent_covered": 100.0,
                        "percent_covered_display": "100",
                        "missing_lines": 0,
                        "excluded_lines": 0
                    },
                    "missing_lines": [],
                    "excluded_lines": []
                },
                "test_download_success": {
                    "executed_lines": [
                        50,
                        51,
                        54,
                        55,
                        56,
                        57,
                        58,
                        60,
                        61
                    ],
                    "summary": {
                        "covered_lines": 9,
                        "num_statements": 9,
                        "percent_covered": 100.0,
                        "percent_covered_display": "100",
                        "missing_lines": 0,
                        "excluded_lines": 0
                    },
                    "missing_lines": [],
                    "excluded_lines": []
                },
                "test_download_failure_invalid_url": {
                    "executed_lines": [
                        65,
                        66,
                        69,
                        70,
                        72,
                        73
                    ],
                    "summary": {
                        "covered_lines": 6,
                        "num_statements": 6,
                        "percent_covered": 100.0,
                        "percent_covered_display": "100",
                        "missing_lines": 0,
                        "excluded_lines": 0
                    },
                    "missing_lines": [],
                    "excluded_lines": []
                },
                "test_download_failure_empty_url": {
                    "executed_lines": [
                        77,
                        78,
                        81,
                        82
                    ],
                    "summary": {
                        "covered_lines": 4,
                        "num_statements": 4,
                        "percent_covered": 100.0,
                        "percent_covered_display": "100",
                        "missing_lines": 0,
                        "excluded_lines": 0
                    },
                    "missing_lines": [],
                    "excluded_lines": []
                },
                "test_download_alt_success": {
                    "executed_lines": [
                        86,
                        87,
                        88,
                        91,
                        92,
                        102,
                        104,
                        105
                    ],
                    "summary": {
                        "covered_lines": 8,
                        "num_statements": 8,
                        "percent_covered": 100.0,
                        "percent_covered_display": "100",
                        "missing_lines": 0,
                        "excluded_lines": 0
                    },
                    "missing_lines": [],
                    "excluded_lines": []
                },
                "test_download_alt_success.side_effect": {
                    "executed_lines": [
                        93,
                        94,
                        95,
                        96,
                        97,
                        98,
                        99
                    ],
                    "summary": {
                        "covered_lines": 7,
                        "num_statements": 7,
                        "percent_covered": 100.0,
                        "percent_covered_display": "100",
                        "missing_lines": 0,
                        "excluded_lines": 0
                    },
                    "missing_lines": [],
                    "excluded_lines": []
                },
                "test_download_failure_invalid_alt_url": {
                    "executed_lines": [
                        109,
                        110,
                        111,
                        112,
                        115,
                        116,
                        124,
                        126,
                        127
                    ],
                    "summary": {
                        "covered_lines": 9,
                        "num_statements": 9,
                        "percent_covered": 100.0,
                        "percent_covered_display": "100",
                        "missing_lines": 0,
                        "excluded_lines": 0
                    },
                    "missing_lines": [],
                    "excluded_lines": []
                },
                "test_download_failure_invalid_alt_url.side_effect": {
                    "executed_lines": [
                        117,
                        118,
                        119,
                        120
                    ],
                    "summary": {
                        "covered_lines": 4,
                        "num_statements": 4,
                        "percent_covered": 100.0,
                        "percent_covered_display": "100",
                        "missing_lines": 0,
                        "excluded_lines": 0
                    },
                    "missing_lines": [],
                    "excluded_lines": []
                },
                "test_download_failure_no_alt_url": {
                    "executed_lines": [
                        131,
                        132,
                        133,
                        136,
                        137,
                        139,
                        140
                    ],
                    "summary": {
                        "covered_lines": 7,
                        "num_statements": 7,
                        "percent_covered": 100.0,
                        "percent_covered_display": "100",
                        "missing_lines": 0,
                        "excluded_lines": 0
                    },
                    "missing_lines": [],
                    "excluded_lines": []
                },
                "test_download_failure_non_pdf_content": {
                    "executed_lines": [
                        144,
                        145,
                        148,
                        149,
                        150,
                        151,
                        152,
                        154,
                        155
                    ],
                    "summary": {
                        "covered_lines": 9,
                        "num_statements": 9,
                        "percent_covered": 100.0,
                        "percent_covered_display": "100",
                        "missing_lines": 0,
                        "excluded_lines": 0
                    },
                    "missing_lines": [],
                    "excluded_lines": []
                },
                "test_download_failure_file_write": {
                    "executed_lines": [
                        159,
                        160,
                        163,
                        164,
                        165,
                        166,
                        167,
                        170,
                        171,
                        172
                    ],
                    "summary": {
                        "covered_lines": 10,
                        "num_statements": 10,
                        "percent_covered": 100.0,
                        "percent_covered_display": "100",
                        "missing_lines": 0,
                        "excluded_lines": 0
                    },
                    "missing_lines": [],
                    "excluded_lines": []
                },
                "test_controller_initialization": {
                    "executed_lines": [
                        176,
                        177,
                        178,
                        179
                    ],
                    "summary": {
                        "covered_lines": 4,
                        "num_statements": 4,
                        "percent_covered": 100.0,
                        "percent_covered_display": "100",
                        "missing_lines": 0,
                        "excluded_lines": 0
                    },
                    "missing_lines": [],
                    "excluded_lines": []
                },
                "test_download_thread": {
                    "executed_lines": [
                        184,
                        185,
                        186,
                        187,
                        189,
                        191,
                        192,
                        193,
                        195,
                        196,
                        197
                    ],
                    "summary": {
                        "covered_lines": 11,
                        "num_statements": 11,
                        "percent_covered": 100.0,
                        "percent_covered_display": "100",
                        "missing_lines": 0,
                        "excluded_lines": 0
                    },
                    "missing_lines": [],
                    "excluded_lines": []
                },
                "test_controller_run": {
                    "executed_lines": [
                        201,
                        202,
                        203,
                        204,
                        205,
                        207,
                        210,
                        211
                    ],
                    "summary": {
                        "covered_lines": 8,
                        "num_statements": 8,
                        "percent_covered": 100.0,
                        "percent_covered_display": "100",
                        "missing_lines": 0,
                        "excluded_lines": 0
                    },
                    "missing_lines": [],
                    "excluded_lines": []
                },
                "test_command_line_args": {
                    "executed_lines": [
                        216,
                        219,
                        222,
                        224,
                        233,
                        236,
                        237,
                        238
                    ],
                    "summary": {
                        "covered_lines": 8,
                        "num_statements": 8,
                        "percent_covered": 100.0,
                        "percent_covered_display": "100",
                        "missing_lines": 0,
                        "excluded_lines": 0
                    },
                    "missing_lines": [],
                    "excluded_lines": []
                },
                "": {
                    "executed_lines": [
                        1,
                        2,
                        3,
                        4,
                        5,
                        6,
                        7,
                        8,
                        9,
                        10,
                        11,
                        16,
                        17,
                        23,
                        24,
                        31,
                        32,
                        49,
                        64,
                        76,
                        85,
                        108,
                        130,
                        143,
                        158,
                        175,
                        183,
                        200,
                        215
                    ],
                    "summary": {
                        "covered_lines": 29,
                        "num_statements": 29,
                        "percent_covered": 100.0,
                        "percent_covered_display": "100",
                        "missing_lines": 0,
                        "excluded_lines": 0
                    },
                    "missing_lines": [],
                    "excluded_lines": []
                }
            },
            "classes": {
                "": {
                    "executed_lines": [
                        1,
                        2,
                        3,
                        4,
                        5,
                        6,
                        7,
                        8,
                        9,
                        10,
                        11,
                        16,
                        17,
                        18,
                        19,
                        23,
                        24,
                        25,
                        26,
                        27,
                        28,
                        31,
                        32,
                        33,
                        34,
                        37,
                        42,
                        43,
                        44,
                        49,
                        50,
                        51,
                        54,
                        55,
                        56,
                        57,
                        58,
                        60,
                        61,
                        64,
                        65,
                        66,
                        69,
                        70,
                        72,
                        73,
                        76,
                        77,
                        78,
                        81,
                        82,
                        85,
                        86,
                        87,
                        88,
                        91,
                        92,
                        93,
                        94,
                        95,
                        96,
                        97,
                        98,
                        99,
                        102,
                        104,
                        105,
                        108,
                        109,
                        110,
                        111,
                        112,
                        115,
                        116,
                        117,
                        118,
                        119,
                        120,
                        124,
                        126,
                        127,
                        130,
                        131,
                        132,
                        133,
                        136,
                        137,
                        139,
                        140,
                        143,
                        144,
                        145,
                        148,
                        149,
                        150,
                        151,
                        152,
                        154,
                        155,
                        158,
                        159,
                        160,
                        163,
                        164,
                        165,
                        166,
                        167,
                        170,
                        171,
                        172,
                        175,
                        176,
                        177,
                        178,
                        179,
                        183,
                        184,
                        185,
                        186,
                        187,
                        189,
                        191,
                        192,
                        193,
                        195,
                        196,
                        197,
                        200,
                        201,
                        202,
                        203,
                        204,
                        205,
                        207,
                        210,
                        211,
                        215,
                        216,
                        219,
                        222,
                        224,
                        233,
                        236,
                        237,
                        238
                    ],
                    "summary": {
                        "covered_lines": 145,
                        "num_statements": 145,
                        "percent_covered": 100.0,
                        "percent_covered_display": "100",
                        "missing_lines": 0,
                        "excluded_lines": 0
                    },
                    "missing_lines": [],
                    "excluded_lines": []
                }
            }
        }
    },
    "totals": {
        "covered_lines": 257,
        "num_statements": 269,
        "percent_covered": 95.53903345724908,
        "percent_covered_display": "96",
        "missing_lines": 12,
        "excluded_lines": 0
    }
}